<?xml version="1.0" encoding="UTF-8"?>
<!-- Generated by org.testng.reporters.JUnitReportReporter -->
<testsuite hostname="DESKTOP-0H09CVT" failures="0" tests="1" name="TestNg1.SimpleTestNG" time="22.830" errors="0" timestamp="2023-07-06T23:15:11 IST" skipped="0">
  <testcase classname="TestNg1.SimpleTestNG" name="m1" time="22.830"/>
</testsuite> <!-- TestNg1.SimpleTestNG -->
