<?xml version="1.0" encoding="UTF-8"?>
<!-- Generated by org.testng.reporters.JUnitReportReporter -->
<testsuite hostname="DESKTOP-0H09CVT" failures="0" tests="2" name="Annotations.priority_positive" time="0.073" errors="0" timestamp="2023-07-07T00:37:33 IST" skipped="0">
  <testcase classname="Annotations.priority_positive" name="TC2" time="0.063">
    <system-out>
      <![CDATA[running c2]]>
    </system-out>
  </testcase> <!-- TC2 -->
  <testcase classname="Annotations.priority_positive" name="TC1" time="0.010">
    <system-out>
      <![CDATA[running C1]]>
    </system-out>
  </testcase> <!-- TC1 -->
  <system-out>
    <![CDATA[running c2
running C1]]>
  </system-out>
</testsuite> <!-- Annotations.priority_positive -->
