<?xml version="1.0" encoding="UTF-8"?>
<!-- Generated by org.testng.reporters.JUnitReportReporter -->
<testsuite hostname="DESKTOP-0H09CVT" failures="0" tests="6" name="Annotations.invocationCount" time="0.132" errors="0" timestamp="2023-07-07T00:25:24 IST" skipped="0">
  <testcase classname="Annotations.invocationCount" name="TC1" time="0.004">
    <system-out>
      <![CDATA[running TC1]]>
    </system-out>
  </testcase> <!-- TC1 -->
  <testcase classname="Annotations.invocationCount" name="TC1" time="0.006">
    <system-out>
      <![CDATA[running TC1]]>
    </system-out>
  </testcase> <!-- TC1 -->
  <testcase classname="Annotations.invocationCount" name="TC1" time="0.008">
    <system-out>
      <![CDATA[running TC1]]>
    </system-out>
  </testcase> <!-- TC1 -->
  <testcase classname="Annotations.invocationCount" name="TC1" time="0.043">
    <system-out>
      <![CDATA[running TC1]]>
    </system-out>
  </testcase> <!-- TC1 -->
  <testcase classname="Annotations.invocationCount" name="TC1" time="0.004">
    <system-out>
      <![CDATA[running TC1]]>
    </system-out>
  </testcase> <!-- TC1 -->
  <testcase classname="Annotations.invocationCount" name="TC1" time="0.067">
    <system-out>
      <![CDATA[running TC1]]>
    </system-out>
  </testcase> <!-- TC1 -->
  <system-out>
    <![CDATA[running TC1
running TC1
running TC1
running TC1
running TC1
running TC1]]>
  </system-out>
</testsuite> <!-- Annotations.invocationCount -->
