<?xml version="1.0" encoding="UTF-8"?>
<!-- Generated by org.testng.reporters.JUnitReportReporter -->
<testsuite hostname="DESKTOP-0H09CVT" failures="0" tests="2" name="Crossbrowsertesting.crossBrowser" time="61.100" errors="0" timestamp="2023-07-12T12:34:04 IST" skipped="0">
  <testcase classname="Crossbrowsertesting.crossBrowser" name="OrangeHRM" time="26.382"/>
  <testcase classname="Crossbrowsertesting.crossBrowser" name="OrangeHRM" time="34.718"/>
</testsuite> <!-- Crossbrowsertesting.crossBrowser -->
