<?xml version="1.0" encoding="UTF-8"?>
<!-- Generated by org.testng.reporters.JUnitReportReporter -->
<testsuite hostname="DESKTOP-0H09CVT" failures="0" tests="3" name="TestNG_Features.Demo" time="65.920" errors="0" timestamp="2023-07-11T08:30:41 IST" skipped="0">
  <testcase classname="TestNG_Features.Demo" name="A" time="19.152"/>
  <testcase classname="TestNG_Features.Demo" name="B" time="24.096"/>
  <testcase classname="TestNG_Features.Demo" name="C" time="22.672"/>
</testsuite> <!-- TestNG_Features.Demo -->
