<?xml version="1.0" encoding="UTF-8"?>
<!-- Generated by org.testng.reporters.JUnitReportReporter -->
<testsuite hostname="DESKTOP-NPMAIP3" failures="0" tests="1" name="Parametarization.Sum2" time="0.002" errors="0" timestamp="2023-08-03T22:53:14 IST" skipped="0">
  <testcase classname="Parametarization.Sum2" name="Sub" time="0.002"/>
  <system-out/>
</testsuite> <!-- Parametarization.Sum2 -->
