<?xml version="1.0" encoding="UTF-8"?>
<!-- Generated by org.testng.reporters.JUnitReportReporter -->
<testsuite hostname="DESKTOP-0H09CVT" failures="0" tests="1" name="TestNG_Features.expecteedException1" time="0.030" errors="0" timestamp="2023-07-10T16:45:51 IST" skipped="0">
  <testcase classname="TestNG_Features.expecteedException1" name="LoginTest" time="0.030"/>
</testsuite> <!-- TestNG_Features.expecteedException1 -->
