<?xml version="1.0" encoding="UTF-8"?>
<!-- Generated by org.testng.reporters.JUnitReportReporter -->
<testsuite hostname="DESKTOP-0H09CVT" failures="0" tests="2" name="TestNG_Features.Annotation" time="0.160" errors="0" timestamp="2023-07-10T16:29:01 IST" skipped="0">
  <testcase classname="TestNG_Features.Annotation" name="GoogleTitle1" time="0.047"/>
  <testcase classname="TestNG_Features.Annotation" name="googleTitle3" time="0.113"/>
</testsuite> <!-- TestNG_Features.Annotation -->
