<?xml version="1.0" encoding="UTF-8"?>
<!-- Generated by org.testng.reporters.JUnitReportReporter -->
<testsuite hostname="DESKTOP-0H09CVT" failures="0" tests="2" name="TestNG_Features.Day1" time="0.037" errors="0" timestamp="2023-07-11T09:28:33 IST" skipped="0">
  <testcase classname="TestNG_Features.Day1" name="Test5" time="0.007"/>
  <testcase classname="TestNG_Features.Day1" name="Test1" time="0.030"/>
</testsuite> <!-- TestNG_Features.Day1 -->
