<?xml version="1.0" encoding="UTF-8"?>
<!-- Generated by org.testng.reporters.JUnitReportReporter -->
<testsuite hostname="DESKTOP-NPMAIP3" failures="0" tests="1" name="Parametarization.Sum3" time="0.001" errors="0" timestamp="2023-08-03T22:53:14 IST" skipped="0">
  <testcase classname="Parametarization.Sum3" name="Sub" time="0.001"/>
  <system-out/>
</testsuite> <!-- Parametarization.Sum3 -->
