<?xml version="1.0" encoding="UTF-8"?>
<!-- Generated by org.testng.reporters.JUnitReportReporter -->
<testsuite hostname="DESKTOP-0H09CVT" failures="0" tests="2" name="Annotations.priority" time="0.045" errors="0" timestamp="2023-07-07T00:30:05 IST" skipped="0">
  <testcase classname="Annotations.priority" name="TC2" time="0.008">
    <system-out>
      <![CDATA[running TC2]]>
    </system-out>
  </testcase> <!-- TC2 -->
  <testcase classname="Annotations.priority" name="TC1" time="0.037">
    <system-out>
      <![CDATA[running TC1]]>
    </system-out>
  </testcase> <!-- TC1 -->
  <system-out>
    <![CDATA[running TC1
running TC2]]>
  </system-out>
</testsuite> <!-- Annotations.priority -->
