<?xml version="1.0" encoding="UTF-8"?>
<!-- Generated by org.testng.reporters.JUnitReportReporter -->
<testsuite hostname="DESKTOP-NPMAIP3" failures="0" tests="1" name="Assertion.SoftAssertion" time="0.019" errors="0" timestamp="2023-08-04T21:26:11 IST" skipped="0">
  <testcase classname="Assertion.SoftAssertion" name="SoftAssertion" time="0.019"/>
  <system-out/>
</testsuite> <!-- Assertion.SoftAssertion -->
