<?xml version="1.0" encoding="UTF-8"?>
<!-- Generated by org.testng.reporters.JUnitReportReporter -->
<testsuite hostname="DESKTOP-0H09CVT" failures="0" tests="3" name="TestNG_Features.Day2" time="0.037" errors="0" timestamp="2023-07-10T16:29:01 IST" skipped="0">
  <testcase classname="TestNG_Features.Day2" name="Test1" time="0.018"/>
  <testcase classname="TestNG_Features.Day2" name="Test3" time="0.010"/>
  <testcase classname="TestNG_Features.Day2" name="Test2" time="0.009"/>
</testsuite> <!-- TestNG_Features.Day2 -->
