<?xml version="1.0" encoding="UTF-8"?>
<!-- Generated by org.testng.reporters.JUnitReportReporter -->
<testsuite hostname="DESKTOP-NPMAIP3" failures="0" tests="1" name="BeforeClass.EnabledXMl" time="13.444" errors="0" timestamp="2023-08-04T21:26:53 IST" skipped="0">
  <testcase classname="BeforeClass.EnabledXMl" name="demo" time="13.444"/>
  <system-out/>
</testsuite> <!-- BeforeClass.EnabledXMl -->
