<?xml version="1.0" encoding="UTF-8"?>
<!-- Generated by org.testng.reporters.JUnitReportReporter -->
<testsuite hostname="DESKTOP-0H09CVT" failures="0" tests="2" name="TestNG_Features.Day3" time="0.224" errors="0" timestamp="2023-07-10T16:29:01 IST" skipped="0">
  <testcase classname="TestNG_Features.Day3" name="Test4" time="0.002"/>
  <testcase classname="TestNG_Features.Day3" name="Test1" time="0.222"/>
</testsuite> <!-- TestNG_Features.Day3 -->
