<?xml version="1.0" encoding="UTF-8"?>
<!-- Generated by org.testng.reporters.JUnitReportReporter -->
<testsuite hostname="DESKTOP-0H09CVT" failures="0" tests="2" name="TestNg1.Simple_TestNG" time="0.065" errors="0" timestamp="2023-07-06T23:57:17 IST" skipped="0">
  <testcase classname="TestNg1.Simple_TestNG" name="TC2" time="0.013">
    <system-out>
      <![CDATA[running TC2]]>
    </system-out>
  </testcase> <!-- TC2 -->
  <testcase classname="TestNg1.Simple_TestNG" name="TC1" time="0.052">
    <system-out>
      <![CDATA[running TC1]]>
    </system-out>
  </testcase> <!-- TC1 -->
  <system-out>
    <![CDATA[running TC1
running TC2]]>
  </system-out>
</testsuite> <!-- TestNg1.Simple_TestNG -->
