<?xml version="1.0" encoding="UTF-8"?>
<!-- Generated by org.testng.reporters.JUnitReportReporter -->
<testsuite hostname="DESKTOP-NPMAIP3" failures="0" tests="1" name="Parametarization.Parameter" time="5.954" errors="0" timestamp="2023-08-03T22:54:52 IST" skipped="0">
  <testcase classname="Parametarization.Parameter" name="LoginTest" time="5.954"/>
  <system-out/>
</testsuite> <!-- Parametarization.Parameter -->
