<?xml version="1.0" encoding="UTF-8"?>
<!-- Generated by org.testng.reporters.JUnitReportReporter -->
<testsuite hostname="DESKTOP-0H09CVT" failures="0" tests="3" name="ParallelTesting.Demo" time="45.832" errors="0" timestamp="2023-07-12T14:12:38 IST" skipped="0">
  <testcase classname="ParallelTesting.Demo" name="Setup1" time="23.474"/>
  <testcase classname="ParallelTesting.Demo" name="Setup2" time="9.882"/>
  <testcase classname="ParallelTesting.Demo" name="Setup" time="12.476"/>
</testsuite> <!-- ParallelTesting.Demo -->
