<?xml version="1.0" encoding="UTF-8"?>
<!-- Generated by org.testng.reporters.JUnitReportReporter -->
<testsuite hostname="DESKTOP-0H09CVT" failures="0" tests="4" name="TestNG_Features.priority" time="1.335" errors="0" timestamp="2023-07-11T09:50:49 IST" skipped="0">
  <testcase classname="TestNG_Features.priority" name="S" time="0.976"/>
  <testcase classname="TestNG_Features.priority" name="D" time="0.214"/>
  <testcase classname="TestNG_Features.priority" name="C" time="0.079"/>
  <testcase classname="TestNG_Features.priority" name="B" time="0.066"/>
</testsuite> <!-- TestNG_Features.priority -->
