<?xml version="1.0" encoding="UTF-8"?>
<!-- Generated by org.testng.reporters.JUnitReportReporter -->
<testsuite hostname="DESKTOP-NPMAIP3" failures="0" tests="2" name="Annotations.Annotation1" time="0.015" errors="0" timestamp="2023-08-03T22:48:26 IST" skipped="0">
  <testcase classname="Annotations.Annotation1" name="VarifyPN" time="0.010"/>
  <system-out>
    <![CDATA[running TC2]]>
  </system-out>
  <testcase classname="Annotations.Annotation1" name="varifyPN" time="0.005"/>
  <system-out>
    <![CDATA[running TC1]]>
  </system-out>
</testsuite> <!-- Annotations.Annotation1 -->
