<?xml version="1.0" encoding="UTF-8"?>
<!-- Generated by org.testng.reporters.JUnitReportReporter -->
<testsuite hostname="DESKTOP-0H09CVT" failures="0" tests="1" name="project.Byjus_video" time="30.671" errors="0" timestamp="2023-07-14T16:08:00 IST" skipped="0">
  <testcase classname="project.Byjus_video" name="login" time="30.671"/>
</testsuite> <!-- project.Byjus_video -->
