<?xml version="1.0" encoding="UTF-8"?>
<!-- Generated by org.testng.reporters.JUnitReportReporter -->
<testsuite hostname="DESKTOP-0H09CVT" failures="0" tests="4" name="TestNG_Features.dependonmethod" time="0.048" errors="0" timestamp="2023-07-10T16:39:22 IST" skipped="0">
  <testcase classname="TestNG_Features.dependonmethod" name="Searchpage" time="0.007"/>
  <testcase classname="TestNG_Features.dependonmethod" name="Homepage" time="0.004"/>
  <testcase classname="TestNG_Features.dependonmethod" name="Refreshpage" time="0.007"/>
  <testcase classname="TestNG_Features.dependonmethod" name="LoginTest" time="0.030"/>
</testsuite> <!-- TestNG_Features.dependonmethod -->
